<?xml version="1.0" encoding="UTF-8"?>
<!-- Generated by org.testng.reporters.JUnitReportReporter -->
<testsuite hostname="ITA-002" failures="0" tests="2" name="com.ind.testCases.ConvertTest" time="106.893" errors="0" timestamp="2023-07-03T16:06:37 IST" skipped="0">
  <testcase classname="com.ind.testCases.ConvertTest" name="success" time="52.039"/>
  <system-out/>
  <testcase classname="com.ind.testCases.ConvertTest" name="success" time="54.854"/>
  <system-out/>
</testsuite> <!-- com.ind.testCases.ConvertTest -->
